[debug] [2024-08-11T20:34:38.924Z] ----------------------------------------------------------------------
[debug] [2024-08-11T20:34:38.930Z] Command:       C:\Program Files\nodejs\node.exe C:\Users\Jason Irie\AppData\Roaming\npm\node_modules\firebase-tools\lib\bin\firebase.js init
[debug] [2024-08-11T20:34:38.931Z] CLI Version:   13.14.2
[debug] [2024-08-11T20:34:38.932Z] Platform:      win32
[debug] [2024-08-11T20:34:38.932Z] Node Version:  v20.16.0
[debug] [2024-08-11T20:34:38.932Z] Time:          Sun Aug 11 2024 13:34:38 GMT-0700 (Pacific Daylight Time)
[debug] [2024-08-11T20:34:38.932Z] ----------------------------------------------------------------------
[debug] 
[debug] [2024-08-11T20:34:39.099Z] > command requires scopes: ["email","openid","https://www.googleapis.com/auth/cloudplatformprojects.readonly","https://www.googleapis.com/auth/firebase","https://www.googleapis.com/auth/cloud-platform"]
[debug] [2024-08-11T20:34:39.100Z] > authorizing via signed-in user (jsirie10@gmail.com)
[info] 
     ######## #### ########  ######## ########     ###     ######  ########
     ##        ##  ##     ## ##       ##     ##  ##   ##  ##       ##
     ######    ##  ########  ######   ########  #########  ######  ######
     ##        ##  ##    ##  ##       ##     ## ##     ##       ## ##
     ##       #### ##     ## ######## ########  ##     ##  ######  ########

You're about to initialize a Firebase project in this directory:

  C:\Users\Jason Irie\Project-3-AI-Customer-Support

Before we get started, keep in mind:

  * You are initializing within an existing Firebase project directory

